<?xml version="1.0" encoding="UTF-8"?>
<!-- Generated by org.testng.reporters.JUnitReportReporter -->
<testsuite hostname="win7-PC" failures="0" tests="2" name="qaclickacademy.SeleniumTest" time="0.016" errors="0" timestamp="16 Apr 2020 21:11:40 GMT">
  <testcase classname="qaclickacademy.SeleniumTest" name="ElementUi" time="0.000"/>
  <testcase classname="qaclickacademy.SeleniumTest" name="BrowserAutomation" time="0.016"/>
</testsuite> <!-- qaclickacademy.SeleniumTest -->
